<?xml version="1.0" encoding="UTF-8"?>
<!-- Generated by org.testng.reporters.JUnitXMLReporter -->
<testsuite hostname="LAPTOP-KJS6N9AB" ignored="2" name="Default test" tests="2" failures="0" timestamp="21 Jun 2020 10:23:57 GMT" time="50.669" errors="0">
  <testcase name="chromeBrowser" time="15.052" classname="testScripts.CrossBrowserTestMethod"/>
  <testcase name="firefoxBrowser" time="35.508" classname="testScripts.CrossBrowserTestMethod"/>
  <testcase name="chromeBrowserFaceBook" time="0.0" classname="testScripts.CrossBrowserTestMethod">
    <ignored/>
  </testcase> <!-- chromeBrowserFaceBook -->
  <testcase name="firefoxBrowserFaceBook" time="0.0" classname="testScripts.CrossBrowserTestMethod">
    <ignored/>
  </testcase> <!-- firefoxBrowserFaceBook -->
</testsuite> <!-- Default test -->
