<?xml version="1.0" encoding="UTF-8"?>
<!-- Generated by org.testng.reporters.JUnitXMLReporter -->
<testsuite hostname="LAPTOP-KJS6N9AB" ignored="2" name="Test" tests="7" failures="1" timestamp="27 Apr 2020 16:04:59 GMT" time="17.654" errors="0">
  <testcase name="checkPageTest" time="0.073" classname="firsttestngpackage.FirstTestNGFile"/>
  <testcase name="checkPageTest" time="0.008" classname="firsttestngpackage.FirstTestNGFile"/>
  <testcase name="checkPageTest" time="0.016" classname="firsttestngpackage.FirstTestNGFile"/>
  <testcase name="homePageTest" time="0.008" classname="firsttestngpackage.FirstTestNGFile"/>
  <testcase name="searchPageTest" time="0.008" classname="firsttestngpackage.FirstTestNGFile"/>
  <testcase name="verifyMenuTitle" time="0.012" classname="firsttestngpackage.TestNGTest">
    <failure type="java.lang.AssertionError" message="expected [Menu] but found [Test]">
      <![CDATA[java.lang.AssertionError: expected [Menu] but found [Test]
at firsttestngpackage.TestNGTest.verifyMenuTitle(TestNGTest.java:31)
... Removed 31 stack frames]]>
    </failure>
  </testcase> <!-- verifyMenuTitle -->
  <testcase name="loginTest" time="0.0" classname="firsttestngpackage.FirstTestNGFile">
    <skipped/>
  </testcase> <!-- loginTest -->
  <testcase name="verifyHomepageTitle" time="0.0" classname="firsttestngpackage.TestNGTest">
    <ignored/>
  </testcase> <!-- verifyHomepageTitle -->
  <testcase name="verifyTitle" time="0.0" classname="firsttestngpackage.TestNGTest">
    <ignored/>
  </testcase> <!-- verifyTitle -->
</testsuite> <!-- Test -->
