<?xml version="1.0" encoding="UTF-8"?>
<!-- Generated by org.testng.reporters.JUnitXMLReporter -->
<testsuite hostname="LAPTOP-KJS6N9AB" ignored="0" name="Listeners" tests="6" failures="3" timestamp="19 May 2020 06:52:58 GMT" time="0.178" errors="0">
  <testcase name="registrationForm" time="0.036" classname="testScripts.DemoQA">
    <skipped/>
  </testcase> <!-- registrationForm -->
  <testcase name="registrationForm" time="0.016" classname="testScripts.DemoQA">
    <skipped/>
  </testcase> <!-- registrationForm -->
  <testcase name="registrationForm" time="0.0" classname="testScripts.DemoQA">
    <skipped/>
  </testcase> <!-- registrationForm -->
  <testcase name="registrationForm" time="0.0" classname="testScripts.DemoQA">
    <failure type="java.lang.AssertionError" message="expected [true] but found [false]">
      <![CDATA[java.lang.AssertionError: expected [true] but found [false]
at testScripts.DemoQA.registrationForm(DemoQA.java:30)
... Removed 29 stack frames]]>
    </failure>
  </testcase> <!-- registrationForm -->
  <testcase name="registrationForm" time="0.016" classname="testScripts.DemoQA">
    <failure type="java.lang.AssertionError" message="expected [true] but found [false]">
      <![CDATA[java.lang.AssertionError: expected [true] but found [false]
at testScripts.DemoQA.registrationForm(DemoQA.java:30)
... Removed 29 stack frames]]>
    </failure>
  </testcase> <!-- registrationForm -->
  <testcase name="registrationForm" time="0.0" classname="testScripts.DemoQA">
    <failure type="java.lang.AssertionError" message="expected [true] but found [false]">
      <![CDATA[java.lang.AssertionError: expected [true] but found [false]
at testScripts.DemoQA.registrationForm(DemoQA.java:30)
... Removed 29 stack frames]]>
    </failure>
  </testcase> <!-- registrationForm -->
</testsuite> <!-- Listeners -->
