<?xml version="1.0" encoding="UTF-8"?>
<!-- Generated by org.testng.reporters.JUnitXMLReporter -->
<testsuite hostname="LAPTOP-KJS6N9AB" ignored="1" name="TestNGExamples" tests="1" failures="0" timestamp="20 Jun 2020 13:30:27 GMT" time="38.141" errors="0">
  <testcase name="redbusLogin" time="4.704" classname="testScripts.RedBusLogin"/>
  <testcase name="faceBookLoginTest" time="0.0" classname="testScripts.FacebookLogin">
    <ignored/>
  </testcase> <!-- faceBookLoginTest -->
</testsuite> <!-- TestNGExamples -->
